#
# A fatal error has been detected by the Java Runtime Environment:
#
#  Internal Error (javaClasses.cpp:129), pid=10544, tid=10068
#  fatal error: Invalid layout of preloaded class
#
# JRE version: 7.0_09-b05
# Java VM: Java HotSpot(TM) 64-Bit Server VM (23.5-b02 mixed mode windows-amd64 compressed oops)
# Failed to write core dump. Minidumps are not enabled by default on client versions of Windows
#
# If you would like to submit a bug report, please visit:
#   http://bugreport.sun.com/bugreport/crash.jsp
#

---------------  T H R E A D  ---------------

Current thread (0x00000000021ce000):  JavaThread "Unknown thread" [_thread_in_vm, id=10068, stack(0x0000000001ea0000,0x0000000001fa0000)]

Stack: [0x0000000001ea0000,0x0000000001fa0000]

---------------  P R O C E S S  ---------------

Java Threads: ( => current thread )

Other Threads:

=>0x00000000021ce000 (exited) JavaThread "Unknown thread" [_thread_in_vm, id=10068, stack(0x0000000001ea0000,0x0000000001fa0000)]

VM state:not at safepoint (not fully initialized)

VM Mutex/Monitor currently owned by a thread: None

GC Heap History (0 events):
No events

Deoptimization events (0 events):
No events

Internal exceptions (0 events):
No events

Events (10 events):
Event: 0.007 loading class 0x00000000020229a0 done
Event: 0.007 loading class 0x0000000001fe46c0 done
Event: 0.007 loading class 0x0000000001fe4300
Event: 0.007 loading class 0x000000000876ec50
Event: 0.007 loading class 0x000000000876ec50 done
Event: 0.007 loading class 0x000000000876e4d0
Event: 0.007 loading class 0x000000000876e4d0 done
Event: 0.007 loading class 0x000000000876c8d0
Event: 0.007 loading class 0x000000000876c8d0 done
Event: 0.008 loading class 0x0000000001fe4300 done


Dynamic libraries:
0x000007f68c000000 - 0x000007f68c034000 	C:\Program Files\Java\jre7\bin\javaw.exe
0x000007fc65440000 - 0x000007fc655fe000 	C:\Windows\SYSTEM32\ntdll.dll
0x000007fc64740000 - 0x000007fc64876000 	C:\Windows\system32\KERNEL32.DLL
0x000007fc62700000 - 0x000007fc627f3000 	C:\Windows\system32\KERNELBASE.dll
0x000007fc645b0000 - 0x000007fc6468e000 	C:\Windows\system32\ADVAPI32.dll
0x000007fc64880000 - 0x000007fc649cc000 	C:\Windows\system32\USER32.dll
0x000007fc61b40000 - 0x000007fc61da9000 	C:\Windows\WinSxS\amd64_microsoft.windows.common-controls_6595b64144ccf1df_6.0.9200.16384_none_418c2a697189c07f\COMCTL32.dll
0x000007fc65170000 - 0x000007fc65215000 	C:\Windows\system32\msvcrt.dll
0x000007fc646f0000 - 0x000007fc64738000 	C:\Windows\SYSTEM32\sechost.dll
0x000007fc64470000 - 0x000007fc645b0000 	C:\Windows\system32\RPCRT4.dll
0x000007fc64a40000 - 0x000007fc64b80000 	C:\Windows\system32\GDI32.dll
0x000007fc64280000 - 0x000007fc642b9000 	C:\Windows\system32\IMM32.DLL
0x000007fc62a10000 - 0x000007fc62b25000 	C:\Windows\system32\MSCTF.dll
0x000000005f330000 - 0x000000005f401000 	C:\Program Files\Java\jre7\bin\msvcr100.dll
0x000000005ea40000 - 0x000000005f15f000 	C:\Program Files\Java\jre7\bin\server\jvm.dll
0x000007fc5a7d0000 - 0x000007fc5a7d9000 	C:\Windows\SYSTEM32\WSOCK32.dll
0x000007fc5ef30000 - 0x000007fc5ef50000 	C:\Windows\SYSTEM32\WINMM.dll
0x000007fc64b80000 - 0x000007fc64b87000 	C:\Windows\system32\PSAPI.DLL
0x000007fc62dd0000 - 0x000007fc62e28000 	C:\Windows\system32\WS2_32.dll
0x000007fc5ed50000 - 0x000007fc5ed82000 	C:\Windows\SYSTEM32\WINMMBASE.dll
0x000007fc64120000 - 0x000007fc64129000 	C:\Windows\system32\NSI.dll
0x00000000600e0000 - 0x00000000600ef000 	C:\Program Files\Java\jre7\bin\verify.dll
0x00000000600b0000 - 0x00000000600d8000 	C:\Program Files\Java\jre7\bin\java.dll
0x0000000060090000 - 0x00000000600a5000 	C:\Program Files\Java\jre7\bin\zip.dll

VM Arguments:
jvm_args: -Dfile.encoding=Cp1252 -Xbootclasspath:C:\Users\Jérémie\Desktop\SDK\adt-bundle-windows-x86_64\sdk\platforms\android-16\android.jar 
java_command: com.iut.ptut.ctrl.CalendarParser
Launcher Type: SUN_STANDARD

Environment Variables:
CLASSPATH=.;C:\Program Files (x86)\Java\jre7\lib\ext\QTJava.zip
PATH=C:\Program Files (x86)\NVIDIA Corporation\PhysX\Common;C:\Program Files (x86)\Intel\iCLS Client\;C:\Program Files\Intel\iCLS Client\;C:\Windows\system32;C:\Windows;C:\Windows\System32\Wbem;C:\Windows\System32\WindowsPowerShell\v1.0\;C:\Program Files\Intel\Intel(R) Management Engine Components\DAL;C:\Program Files\Intel\Intel(R) Management Engine Components\IPT;C:\Program Files (x86)\Intel\Intel(R) Management Engine Components\DAL;C:\Program Files (x86)\Intel\Intel(R) Management Engine Components\IPT;C:\Program Files (x86)\Intel\OpenCL SDK\2.0\bin\x86;C:\Program Files (x86)\Intel\OpenCL SDK\2.0\bin\x64;C:\Program Files\Intel\WiFi\bin\;C:\Program Files\Common Files\Intel\WirelessCommon\;C:\MinGW\bin;D:\Ruby193\bin;C:\Program Files (x86)\QuickTime\QTSystem\
USERNAME=Jeremie
OS=Windows_NT
PROCESSOR_IDENTIFIER=Intel64 Family 6 Model 58 Stepping 9, GenuineIntel



---------------  S Y S T E M  ---------------

OS: Windows 8 , 64 bit Build 9200 

CPU:total 8 (4 cores per cpu, 2 threads per core) family 6 model 58 stepping 9, cmov, cx8, fxsr, mmx, sse, sse2, sse3, ssse3, sse4.1, sse4.2, popcnt, avx, ht, tsc, tscinvbit, tscinv

Memory: 4k page, physical 4077188k(1340700k free), swap 8271492k(4646848k free)

vm_info: Java HotSpot(TM) 64-Bit Server VM (23.5-b02) for windows-amd64 JRE (1.7.0_09-b05), built on Sep 24 2012 21:45:04 by "java_re" with unknown MS VC++:1600

time: Sun Feb 17 17:28:55 2013
elapsed time: 0 seconds

